<?xml version="1.0" encoding="UTF-8"?>
<!-- Generated by org.testng.reporters.JUnitReportReporter -->
<testsuite hostname="DESKTOP-DBKJRU1" failures="0" tests="3" name="testClass.CICIPagesInvalidUser" time="3.675" errors="0" timestamp="2021-04-11T12:33:13 IST" skipped="0">
  <testcase classname="testClass.CICIPagesInvalidUser" name="initializeInValidUser" time="1.985"/>
  <testcase classname="testClass.CICIPagesInvalidUser" name="InValidUser" time="1.649"/>
  <testcase classname="testClass.CICIPagesInvalidUser" name="tearDownInValidUser" time="0.041"/>
</testsuite> <!-- testClass.CICIPagesInvalidUser -->
