<?xml version="1.0" encoding="UTF-8"?>
<!-- Generated by org.testng.reporters.JUnitReportReporter -->
<testsuite hostname="DESKTOP-DBKJRU1" failures="0" tests="3" name="testClass.CICEPagesValidUser" time="11.713" errors="0" timestamp="2021-04-11T12:33:13 IST" skipped="0">
  <testcase classname="testClass.CICEPagesValidUser" name="initializeValidUser" time="1.440"/>
  <testcase classname="testClass.CICEPagesValidUser" name="ValidUser" time="10.216"/>
  <testcase classname="testClass.CICEPagesValidUser" name="tearDownValidUser" time="0.057"/>
</testsuite> <!-- testClass.CICEPagesValidUser -->
